\BOOKMARK [0][-]{chapter.1}{\376\377\000I\000n\000t\000r\000o\000d\000u\000c\000e\000r\000e\000\040\002\031\000i\000\040\000A\000n\000a\000l\000i\000z\000a\000\040\000D\000o\000m\000e\000n\000i\000u\000l\000u\000i}{}% 1
\BOOKMARK [1][-]{section.1.1}{\376\377\000M\000o\000t\000i\000v\000a\000r\000e\000a\000\040\000a\000l\000e\000g\000e\000r\000i\000i\000\040\000t\000e\000m\000e\000i}{chapter.1}% 2
\BOOKMARK [1][-]{section.1.2}{\376\377\000I\000s\000t\000o\000r\000i\000c\000\040\002\031\000i\000\040\000R\000e\000g\000u\000l\000i\000\040\000F\000u\000n\000d\000a\000m\000e\000n\000t\000a\000l\000e}{chapter.1}% 3
\BOOKMARK [0][-]{chapter.2}{\376\377\000A\000r\000h\000i\000t\000e\000c\000t\000u\000r\000a\000\040\000S\000i\000s\000t\000e\000m\000u\000l\000u\000i\000\040\000S\000o\000f\000t\000w\000a\000r\000e}{}% 4
\BOOKMARK [1][-]{section.2.1}{\376\377\000P\000a\000r\000a\000d\000i\000g\000m\000a\000\040\000M\000o\000d\000e\000l\000-\000V\000i\000e\000w\000-\000C\000o\000n\000t\000r\000o\000l\000l\000e\000r\000\040\000\050\000M\000V\000C\000\051}{chapter.2}% 5
\BOOKMARK [1][-]{section.2.2}{\376\377\000G\000e\000s\000t\000i\000u\000n\000e\000a\000\040\000S\000t\001\003\000r\000i\000l\000o\000r\000\040\000\050\000S\000t\000a\000t\000e\000\040\000M\000a\000n\000a\000g\000e\000m\000e\000n\000t\000\051}{chapter.2}% 6
\BOOKMARK [0][-]{chapter.3}{\376\377\000I\000m\000p\000l\000e\000m\000e\000n\000t\000a\000r\000e\000a\000\040\000C\000o\000m\000p\000o\000n\000e\000n\000t\000e\000l\000o\000r\000\040\000L\000o\000g\000i\000c\000e}{}% 7
\BOOKMARK [1][-]{section.3.1}{\376\377\000L\000o\000g\000i\000c\000a\000\040\000T\000a\000b\000l\000e\000i\000\040\002\031\000i\000\040\000a\000\040\000P\000u\000n\000c\000t\000e\000l\000o\000r}{chapter.3}% 8
\BOOKMARK [1][-]{section.3.2}{\376\377\000A\000l\000g\000o\000r\000i\000t\000m\000u\000l\000\040\000d\000e\000\040\000C\000a\000l\000c\000u\000l\000\040\000a\000l\000\040\000M\000u\000t\001\003\000r\000i\000l\000o\000r}{chapter.3}% 9
\BOOKMARK [1][-]{section.3.3}{\376\377\000L\000o\000g\000i\000c\000a\000\040\000B\000a\000r\000e\000i\000\040\000\050\000B\000a\000r\000\051}{chapter.3}% 10
\BOOKMARK [0][-]{chapter.4}{\376\377\000P\000r\000o\000i\000e\000c\000t\000a\000r\000e\000a\000\040\000I\000n\000t\000e\000r\000f\000e\002\033\000e\000i\000\040\000c\000u\000\040\000U\000t\000i\000l\000i\000z\000a\000t\000o\000r\000u\000l}{}% 11
\BOOKMARK [1][-]{section.4.1}{\376\377\000R\000a\000n\000d\000a\000r\000e\000a\000\040\000C\000u\000s\000t\000o\000m\000\040\000c\000u\000\040\000G\000r\000a\000p\000h\000i\000c\000s\0002\000D}{chapter.4}% 12
\BOOKMARK [1][-]{section.4.2}{\376\377\000I\000n\000t\000e\000r\000a\000c\002\033\000i\000u\000n\000e\000a\000\040\000p\000r\000i\000n\000\040\000M\000o\000u\000s\000e\000L\000i\000s\000t\000e\000n\000e\000r}{chapter.4}% 13
\BOOKMARK [0][-]{chapter.5}{\376\377\000M\000a\000n\000u\000a\000l\000\040\000d\000e\000\040\000U\000t\000i\000l\000i\000z\000a\000r\000e\000\040\002\031\000i\000\040\000F\000e\000e\000d\000b\000a\000c\000k}{}% 14
\BOOKMARK [1][-]{section.5.1}{\376\377\000E\000f\000e\000c\000t\000u\000a\000r\000e\000a\000\040\000u\000n\000e\000i\000\040\000m\000u\000t\001\003\000r\000i}{chapter.5}% 15
\BOOKMARK [1][-]{section.5.2}{\376\377\000F\000i\000n\000a\000l\000u\000l\000\040\000j\000o\000c\000u\000l\000u\000i}{chapter.5}% 16
\BOOKMARK [0][-]{chapter.6}{\376\377\000B\000i\000b\000l\000i\000o\000g\000r\000a\000f\000i\000e\000\040\002\031\000i\000\040\000R\000e\000s\000u\000r\000s\000e}{}% 17
\BOOKMARK [0][-]{chapter.7}{\376\377\000A\000n\000a\000l\000i\000z\000a\000\040\000C\000o\000d\000u\000l\000u\000i\000\040\000S\000u\000r\000s\001\003}{}% 18
\BOOKMARK [1][-]{section.7.1}{\376\377\000G\000e\000s\000t\000i\000u\000n\000e\000a\000\040\000P\000u\000n\000c\000t\000e\000l\000o\000r\000\040\000I\000n\000d\000i\000v\000i\000d\000u\000a\000l\000e}{chapter.7}% 19
\BOOKMARK [1][-]{section.7.2}{\376\377\000L\000o\000g\000i\000c\000a\000\040\000C\000e\000n\000t\000r\000a\000l\001\003\000\040\000a\000\040\000T\000a\000b\000l\000e\000i}{chapter.7}% 20
\BOOKMARK [1][-]{section.7.3}{\376\377\000C\000o\000n\000t\000r\000o\000l\000u\000l\000\040\000F\000l\000u\000x\000u\000l\000u\000i\000\040\000d\000e\000\040\000J\000o\000c}{chapter.7}% 21
\BOOKMARK [1][-]{section.7.4}{\376\377\000I\000n\000t\000e\000r\000f\000a\002\033\000a\000\040\000G\000r\000a\000f\000i\000c\001\003\000\040\002\031\000i\000\040\000M\000a\000p\000a\000r\000e\000a\000\040\000C\000o\000o\000r\000d\000o\000n\000a\000t\000e\000l\000o\000r}{chapter.7}% 22
